\BOOKMARK [1][-]{section.1}{Newton Mechanik}{}% 1
\BOOKMARK [1][-]{section.2}{Lagrange Mechanik}{}% 2
\BOOKMARK [2][-]{subsection.2.1}{Lagrangegleichungen 1. Art}{section.2}% 3
\BOOKMARK [2][-]{subsection.2.2}{Lagrangegleichungen 2. Art}{section.2}% 4
\BOOKMARK [2][-]{subsection.2.3}{Hamiltonsches Prinzip}{section.2}% 5
\BOOKMARK [2][-]{subsection.2.4}{Hamilton Formulation}{section.2}% 6
\BOOKMARK [2][-]{subsection.2.5}{Noether Theorem}{section.2}% 7
\BOOKMARK [2][-]{subsection.2.6}{Hamilton Formalismus}{section.2}% 8
\BOOKMARK [2][-]{subsection.2.7}{Lagrange Multiplikator Methode}{section.2}% 9
\BOOKMARK [1][-]{section.3}{Ph\344nomenologische Thermodynamik}{}% 10
\BOOKMARK [2][-]{subsection.3.1}{Thermodynamische Zustandsgleichungen}{section.3}% 11
\BOOKMARK [2][-]{subsection.3.2}{Kalorische Zustands-/Energiegleichungen}{section.3}% 12
\BOOKMARK [3][-]{subsubsection.3.2.1}{Innere/Interne Energie U}{subsection.3.2}% 13
\BOOKMARK [3][-]{subsubsection.3.2.2}{W\344rmekapazit\344t V=const}{subsection.3.2}% 14
\BOOKMARK [3][-]{subsubsection.3.2.3}{Verschiedene Arten von Prozessen}{subsection.3.2}% 15
\BOOKMARK [3][-]{subsubsection.3.2.4}{Enthalpie H}{subsection.3.2}% 16
\BOOKMARK [3][-]{subsubsection.3.2.5}{W\344rmekapazit\344tp=const}{subsection.3.2}% 17
\BOOKMARK [2][-]{subsection.3.3}{Spontanit\344t von Prozessen}{section.3}% 18
\BOOKMARK [3][-]{subsubsection.3.3.1}{Clausiussche Ungleichung}{subsection.3.3}% 19
\BOOKMARK [3][-]{subsubsection.3.3.2}{Weitere Thermodynamische Potentiale}{subsection.3.3}% 20
\BOOKMARK [2][-]{subsection.3.4}{Das Chemische potential}{section.3}% 21
\BOOKMARK [1][-]{section.4}{Statistische Thermodynamik}{}% 22
\BOOKMARK [2][-]{subsection.4.1}{Einleitung}{section.4}% 23
\BOOKMARK [2][-]{subsection.4.2}{Die Boltzmann-Verteilung}{section.4}% 24
\BOOKMARK [2][-]{subsection.4.3}{Maxwell-Boltzmann Geschwindigkeitsverteilung}{section.4}% 25
\BOOKMARK [2][-]{subsection.4.4}{Zustandsumme/Partizipationsfunktion}{section.4}% 26
\BOOKMARK [2][-]{subsection.4.5}{Das Mikrokanonische Ensemble \(N,V,E\)}{section.4}% 27
\BOOKMARK [2][-]{subsection.4.6}{Das kanonische Ensemble \(N,V,T\)}{section.4}% 28
\BOOKMARK [3][-]{subsubsection.4.6.1}{Bezug zur inneren Energie}{subsection.4.6}% 29
\BOOKMARK [3][-]{subsubsection.4.6.2}{Bezug zur Entropie}{subsection.4.6}% 30
\BOOKMARK [3][-]{subsubsection.4.6.3}{Bezug zum Druck}{subsection.4.6}% 31
\BOOKMARK [3][-]{subsubsection.4.6.4}{Bezug zur freien Energie F}{subsection.4.6}% 32
\BOOKMARK [2][-]{subsection.4.7}{Ein Allgemeiner Ausdruck f\374r die Entropie S}{section.4}% 33
\BOOKMARK [2][-]{subsection.4.8}{Das Grosskanonische Ensemble \(,V,T\)}{section.4}% 34
\BOOKMARK [3][-]{subsubsection.4.8.1}{Bezug zur Entropie}{subsection.4.8}% 35
\BOOKMARK [1][-]{section.5}{Statistische Thermod. f\374r Gase}{}% 36
\BOOKMARK [2][-]{subsection.5.1}{Molekulare Zustandssume \(idealisierter Fall\)}{section.5}% 37
\BOOKMARK [3][-]{subsubsection.5.1.1}{Translation \(="0362= Teilchen im 3D Kasten\)}{subsection.5.1}% 38
\BOOKMARK [3][-]{subsubsection.5.1.2}{Vibration \(="0362= harm. Oszillator\)}{subsection.5.1}% 39
\BOOKMARK [3][-]{subsubsection.5.1.3}{Rotation \(="0362= starrer Rotator\)}{subsection.5.1}% 40
\BOOKMARK [3][-]{subsubsection.5.1.4}{Elektronische Beitr\344ge \(="0362= Elektr. Schrd\366d. Gl.\)}{subsection.5.1}% 41
\BOOKMARK [1][-]{section.6}{Molek\374hl Mechanik \(MM\)}{}% 42
\BOOKMARK [2][-]{subsection.6.1}{Berechnung von W=0}{section.6}% 43
\BOOKMARK [3][-]{subsubsection.6.1.1}{Translation \(="0362= Teilchen im 3D Kasten\)}{subsection.6.1}% 44
\BOOKMARK [3][-]{subsubsection.6.1.2}{Rotation \(="0362= starrer Rotator\)}{subsection.6.1}% 45
\BOOKMARK [2][-]{subsection.6.2}{Berechnung von W=0}{section.6}% 46
\BOOKMARK [3][-]{subsubsection.6.2.1}{Bindende/Intramolekulare W.W.}{subsection.6.2}% 47
\BOOKMARK [3][-]{subsubsection.6.2.2}{Nicht bindende Wechselwirkungen}{subsection.6.2}% 48
\BOOKMARK [2][-]{subsection.6.3}{Berechnung der Zustandsfunktion}{section.6}% 49
\BOOKMARK [3][-]{subsubsection.6.3.1}{Berechnung von Q\(N,V,T\)}{subsection.6.3}% 50
\BOOKMARK [2][-]{subsection.6.4}{Stochastische L\366sungen/Samplingsmethoden}{section.6}% 51
\BOOKMARK [3][-]{subsubsection.6.4.1}{Random Sampeling}{subsection.6.4}% 52
\BOOKMARK [3][-]{subsubsection.6.4.2}{Importance Sampeling}{subsection.6.4}% 53
\BOOKMARK [3][-]{subsubsection.6.4.3}{Metropolis-Monte-Carlo Algorithm}{subsection.6.4}% 54
\BOOKMARK [3][-]{subsubsection.6.4.4}{Replica Exchange Simulation/Parallel tempering}{subsection.6.4}% 55
\BOOKMARK [1][-]{section.7}{Molek\374l Dynamik \(MD\)}{}% 56
\BOOKMARK [2][-]{subsection.7.1}{Leap Frog Algorithmus}{section.7}% 57
\BOOKMARK [3][-]{subsubsection.7.1.1}{Maxwell-Boltzmann-Geschwindikeitsverteilung}{subsection.7.1}% 58
\BOOKMARK [3][-]{subsubsection.7.1.2}{Gleichverteilung}{subsection.7.1}% 59
\BOOKMARK [2][-]{subsection.7.2}{Verlet-Algorithmus}{section.7}% 60
\BOOKMARK [2][-]{subsection.7.3}{Velocity-Verlet-Algorithmus}{section.7}% 61
\BOOKMARK [1][-]{section.8}{Stochastische Molek\374l Dynamik}{}% 62
\BOOKMARK [2][-]{subsection.8.1}{SMD/Langerin-Dynamik}{section.8}% 63
\BOOKMARK [2][-]{subsection.8.2}{Mittlere Gr\366ssen}{section.8}% 64
\BOOKMARK [3][-]{subsubsection.8.2.1}{Mittlere Geschwindigkeit f\374r ein Teilchen}{subsection.8.2}% 65
\BOOKMARK [3][-]{subsubsection.8.2.2}{Mittlere kinetische Energie Ekin12mbold0mu mumu vvsubsubsectionvvvv 2}{subsection.8.2}% 66
\BOOKMARK [3][-]{subsubsection.8.2.3}{Das Mittlere Verschiebungsquadrat}{subsection.8.2}% 67
\BOOKMARK [2][-]{subsection.8.3}{Algorithmus der Langerindynamik W=0}{section.8}% 68
\BOOKMARK [2][-]{subsection.8.4}{Fluktuationen}{section.8}% 69
\BOOKMARK [1][-]{section.9}{Typen von Systemeigenschaften}{}% 70
\BOOKMARK [2][-]{subsubsection.9.0.1}{Mittlere Atomposition}{section.9}% 71
\BOOKMARK [3][-]{subsubsection.9.0.2}{Radius of Gyration}{subsubsection.9.0.1}% 72
\BOOKMARK [3][-]{subsubsection.9.0.3}{Root Mean Square Atom Positon \(RMSD\)}{subsubsection.9.0.1}% 73
\BOOKMARK [3][-]{subsubsection.9.0.4}{Diffusionskoeffizient}{subsubsection.9.0.1}% 74
\BOOKMARK [3][-]{subsubsection.9.0.5}{Radiale Verteilungsfunktion}{subsubsection.9.0.1}% 75
\BOOKMARK [2][-]{subsection.9.1}{Thermodynamische Randbedingungen}{section.9}% 76
\BOOKMARK [3][-]{subsubsection.9.1.1}{Constraint-Method}{subsection.9.1}% 77
\BOOKMARK [3][-]{subsubsection.9.1.2}{Weak-Coupeling/Berendson-Thermostat}{subsection.9.1}% 78
\BOOKMARK [3][-]{subsubsection.9.1.3}{Extended-Lagrangian-Method}{subsection.9.1}% 79
\BOOKMARK [3][-]{subsubsection.9.1.4}{Langerin-Method}{subsection.9.1}% 80
\BOOKMARK [1][-]{section.10}{Abschluss}{}% 81
\BOOKMARK [2][-]{subsubsection.10.0.1}{Born Oppenheimer N\344herung \(BOMD\)}{section.10}% 82
\BOOKMARK [3][-]{subsubsection.10.0.2}{Car-Parrinello MD \(CPMD\)}{subsubsection.10.0.1}% 83
\BOOKMARK [1][-]{section.11}{Mathematischer Anhang}{}% 84
